<?xml version="1.0" encoding="UTF-8"?>
<testng-results ignored="0" total="1" passed="1" failed="0" skipped="0">
  <reporter-output>
  </reporter-output>
  <suite started-at="2025-03-25T11:25:02 IST" name="Default suite" finished-at="2025-03-25T11:25:12 IST" duration-ms="9867">
    <groups>
    </groups>
    <test started-at="2025-03-25T11:25:02 IST" name="Default test" finished-at="2025-03-25T11:25:12 IST" duration-ms="9867">
      <class name="day5.Reversestr">
        <test-method signature="reverseStr(java.lang.String,int)[pri:0, instance:day5.Reversestr@d86a6f]" started-at="2025-03-25T11:25:12 IST" name="reverseStr" data-provider="reverseStr" finished-at="2025-03-25T11:25:12 IST" duration-ms="11" status="PASS">
          <params>
            <param index="0">
              <value>
                <![CDATA[No SLF4J providers were found.]]>
              </value>
            </param>
            <param index="1">
              <value>
                <![CDATA[29]]>
              </value>
            </param>
          </params>
          <reporter-output>
          </reporter-output>
        </test-method> <!-- reverseStr -->
      </class> <!-- day5.Reversestr -->
    </test> <!-- Default test -->
  </suite> <!-- Default suite -->
</testng-results>
