<?xml version="1.0" encoding="UTF-8"?>
<testng-results ignored="0" total="3" passed="3" failed="0" skipped="0">
  <reporter-output>
  </reporter-output>
  <suite started-at="2025-03-23T23:31:08 IST" name="Suite" finished-at="2025-03-23T23:40:34 IST" duration-ms="566558">
    <groups>
    </groups>
    <test started-at="2025-03-23T23:31:08 IST" name="Test" finished-at="2025-03-23T23:40:34 IST" duration-ms="566558">
      <class name="day3.Palindrome">
        <test-method signature="fun(java.lang.String,int)[pri:0, instance:day3.Palindrome@470734c3]" started-at="2025-03-23T23:38:59 IST" name="fun" data-provider="palindrome" finished-at="2025-03-23T23:38:59 IST" duration-ms="7" status="PASS">
          <params>
            <param index="0">
              <value>
                <![CDATA[adda]]>
              </value>
            </param>
            <param index="1">
              <value>
                <![CDATA[3]]>
              </value>
            </param>
          </params>
          <reporter-output>
          </reporter-output>
        </test-method> <!-- fun -->
      </class> <!-- day3.Palindrome -->
      <class name="day1.EvenLengthWord">
        <test-method signature="evenLength(java.lang.String,int)[pri:0, instance:day1.EvenLengthWord@710c2b53]" started-at="2025-03-23T23:39:14 IST" name="evenLength" data-provider="evenlengthdata" finished-at="2025-03-23T23:39:14 IST" duration-ms="5" status="PASS">
          <params>
            <param index="0">
              <value>
                <![CDATA[this is a for]]>
              </value>
            </param>
            <param index="1">
              <value>
                <![CDATA[0]]>
              </value>
            </param>
          </params>
          <reporter-output>
          </reporter-output>
        </test-method> <!-- evenLength -->
      </class> <!-- day1.EvenLengthWord -->
      <class name="day2.InsertString">
        <test-method signature="usingCustom(java.lang.String,java.lang.String)[pri:0, instance:day2.InsertString@5386659f]" started-at="2025-03-23T23:40:30 IST" name="usingCustom" data-provider="insertstring" finished-at="2025-03-23T23:40:34 IST" duration-ms="3922" status="PASS">
          <params>
            <param index="0">
              <value>
                <![CDATA[geeks]]>
              </value>
            </param>
            <param index="1">
              <value>
                <![CDATA[geeks]]>
              </value>
            </param>
          </params>
          <reporter-output>
          </reporter-output>
        </test-method> <!-- usingCustom -->
      </class> <!-- day2.InsertString -->
    </test> <!-- Test -->
  </suite> <!-- Suite -->
</testng-results>
